{
  "stats": {
    "suites": 5,
    "tests": 11,
    "passes": 1,
    "pending": 10,
    "failures": 0,
    "start": "2020-11-04T15:58:59.366Z",
    "end": "2020-11-04T15:58:59.374Z",
    "duration": 8,
    "testsRegistered": 11,
    "passPercent": 100,
    "pendingPercent": 90.9090909090909,
    "other": 0,
    "hasOther": false,
    "skipped": 0,
    "hasSkipped": false
  },
  "results": [
    {
      "uuid": "3312a8da-e93d-478c-bd4a-755273fc8821",
      "title": "",
      "fullFile": "",
      "file": "",
      "beforeHooks": [
        {
          "title": "\"before all\" hook in \"{root}\"",
          "fullTitle": "\"before all\" hook in \"{root}\"",
          "timedOut": false,
          "duration": 1,
          "state": null,
          "speed": null,
          "pass": false,
          "fail": false,
          "pending": false,
          "context": null,
          "code": "console.clear();\nlogsnap_1.default.disable();\ntry {\n    logSpy = sinon_1.default.stub(global.console, 'log').callsFake(() => lodash_1.default.noop);\n}\ncatch (error) { }",
          "err": {},
          "uuid": "c7e6a93c-8c1b-479e-9dfd-ac657ea5784a",
          "parentUUID": "3312a8da-e93d-478c-bd4a-755273fc8821",
          "isHook": true,
          "skipped": false
        },
        {
          "title": "\"before each\" hook in \"{root}\"",
          "fullTitle": "\"before each\" hook in \"{root}\"",
          "timedOut": false,
          "duration": 0,
          "state": null,
          "speed": null,
          "pass": false,
          "fail": false,
          "pending": false,
          "context": null,
          "code": "// noodlui.cleanup()",
          "err": {},
          "uuid": "fbf03e68-fb19-4554-8243-32c77a325500",
          "parentUUID": "3312a8da-e93d-478c-bd4a-755273fc8821",
          "isHook": true,
          "skipped": false
        },
        {
          "title": "\"before each\" hook in \"{root}\"",
          "fullTitle": "\"before each\" hook in \"{root}\"",
          "timedOut": false,
          "duration": 0,
          "state": null,
          "speed": null,
          "pass": false,
          "fail": false,
          "pending": false,
          "context": null,
          "code": "resolve = test_utils_1.makeResolverTest();",
          "err": {},
          "uuid": "60d5debb-3ffc-46c0-9dc5-1fe03d9f0955",
          "parentUUID": "3312a8da-e93d-478c-bd4a-755273fc8821",
          "isHook": true,
          "skipped": false
        }
      ],
      "afterHooks": [
        {
          "title": "\"after all\" hook in \"{root}\"",
          "fullTitle": "\"after all\" hook in \"{root}\"",
          "timedOut": false,
          "duration": 0,
          "state": null,
          "speed": null,
          "pass": false,
          "fail": false,
          "pending": false,
          "context": null,
          "code": "var _a;\n(_a = logSpy === null || logSpy === void 0 ? void 0 : logSpy.restore) === null || _a === void 0 ? void 0 : _a.call(logSpy);",
          "err": {},
          "uuid": "a89ae4e7-ef0f-4f58-9cc1-4e5c86b9bde3",
          "parentUUID": "3312a8da-e93d-478c-bd4a-755273fc8821",
          "isHook": true,
          "skipped": false
        },
        {
          "title": "\"after each\" hook in \"{root}\"",
          "fullTitle": "\"after each\" hook in \"{root}\"",
          "timedOut": false,
          "duration": 0,
          "state": null,
          "speed": null,
          "pass": false,
          "fail": false,
          "pending": false,
          "context": null,
          "code": "document.body.textContent = '';",
          "err": {},
          "uuid": "3f70354e-5275-4179-8f0f-a1718e7d14f6",
          "parentUUID": "3312a8da-e93d-478c-bd4a-755273fc8821",
          "isHook": true,
          "skipped": false
        }
      ],
      "tests": [],
      "suites": [
        {
          "uuid": "e0c56596-c463-4ecf-b325-83bb71c74dba",
          "title": "getChildren",
          "fullFile": "/Users/christ/aitmed-noodl-web/packages/noodl-ui/src/resolvers/__tests__/getChildren.test.ts",
          "file": "/packages/noodl-ui/src/resolvers/__tests__/getChildren.test.ts",
          "beforeHooks": [],
          "afterHooks": [],
          "tests": [
            {
              "title": "should create deeply nesting children",
              "fullTitle": "getChildren should create deeply nesting children",
              "timedOut": false,
              "duration": 5,
              "state": "passed",
              "speed": "fast",
              "pass": true,
              "fail": false,
              "pending": false,
              "context": null,
              "code": "const component = new Base_1.default({\n    type: 'view',\n    children: [\n        {\n            type: 'list',\n            children: [\n                { type: 'listItem', children: [{ type: 'label', text: 'hello' }] },\n            ],\n        },\n    ],\n});\ntoDOM(test_utils_1.noodlui.resolveComponents(component));\nconsole.info(dom_1.prettyDOM());",
              "err": {},
              "uuid": "2878987f-0e30-4809-9eda-15f356883e86",
              "parentUUID": "e0c56596-c463-4ecf-b325-83bb71c74dba",
              "isHook": false,
              "skipped": false
            }
          ],
          "suites": [],
          "passes": [
            "2878987f-0e30-4809-9eda-15f356883e86"
          ],
          "failures": [],
          "pending": [],
          "skipped": [],
          "duration": 5,
          "root": false,
          "rootEmpty": false,
          "_timeout": 2000
        },
        {
          "uuid": "704e2bb9-9a0f-468e-9993-f007fd8b9538",
          "title": "[deprecated] getChildren",
          "fullFile": "/Users/christ/aitmed-noodl-web/packages/noodl-ui/src/resolvers/__tests__/getChildren.test.ts",
          "file": "/packages/noodl-ui/src/resolvers/__tests__/getChildren.test.ts",
          "beforeHooks": [],
          "afterHooks": [],
          "tests": [],
          "suites": [
            {
              "uuid": "aa0edbc5-7b63-4fca-adc1-81013372af20",
              "title": "listChildren",
              "fullFile": "/Users/christ/aitmed-noodl-web/packages/noodl-ui/src/resolvers/__tests__/getChildren.test.ts",
              "file": "/packages/noodl-ui/src/resolvers/__tests__/getChildren.test.ts",
              "beforeHooks": [],
              "afterHooks": [],
              "tests": [
                {
                  "title": "should use the \"iteratorVar\" prop to attach it as a key and use it to find the data object as its value",
                  "fullTitle": "[deprecated] getChildren listChildren should use the \"iteratorVar\" prop to attach it as a key and use it to find the data object as its value",
                  "timedOut": false,
                  "duration": 0,
                  "state": "pending",
                  "speed": null,
                  "pass": false,
                  "fail": false,
                  "pending": true,
                  "context": null,
                  "code": "",
                  "err": {},
                  "uuid": "62a311cb-375e-4608-95b6-0ca0172f36b6",
                  "parentUUID": "aa0edbc5-7b63-4fca-adc1-81013372af20",
                  "isHook": false,
                  "skipped": false
                },
                {
                  "title": "should pass down an \"itemObject\" property to each of its list item children",
                  "fullTitle": "[deprecated] getChildren listChildren should pass down an \"itemObject\" property to each of its list item children",
                  "timedOut": false,
                  "duration": 0,
                  "state": "pending",
                  "speed": null,
                  "pass": false,
                  "fail": false,
                  "pending": true,
                  "context": null,
                  "code": "",
                  "err": {},
                  "uuid": "34aaa47a-ebc1-497b-a4b6-2a26ab571ef0",
                  "parentUUID": "aa0edbc5-7b63-4fca-adc1-81013372af20",
                  "isHook": false,
                  "skipped": false
                },
                {
                  "title": "should use the first child in its childrens list as a blueprint to resolve its siblings",
                  "fullTitle": "[deprecated] getChildren listChildren should use the first child in its childrens list as a blueprint to resolve its siblings",
                  "timedOut": false,
                  "duration": 0,
                  "state": "pending",
                  "speed": null,
                  "pass": false,
                  "fail": false,
                  "pending": true,
                  "context": null,
                  "code": "",
                  "err": {},
                  "uuid": "2f4f5ffc-79d4-4522-98ef-33b0549129ba",
                  "parentUUID": "aa0edbc5-7b63-4fca-adc1-81013372af20",
                  "isHook": false,
                  "skipped": false
                },
                {
                  "title": "should pass down \"listId\" to each direct child",
                  "fullTitle": "[deprecated] getChildren listChildren should pass down \"listId\" to each direct child",
                  "timedOut": false,
                  "duration": 0,
                  "state": "pending",
                  "speed": null,
                  "pass": false,
                  "fail": false,
                  "pending": true,
                  "context": null,
                  "code": "",
                  "err": {},
                  "uuid": "0e6c9214-4e1e-4eb9-bece-8e389fbb5744",
                  "parentUUID": "aa0edbc5-7b63-4fca-adc1-81013372af20",
                  "isHook": false,
                  "skipped": false
                },
                {
                  "title": "should pass down \"listItemIndex\" to each of its children",
                  "fullTitle": "[deprecated] getChildren listChildren should pass down \"listItemIndex\" to each of its children",
                  "timedOut": false,
                  "duration": 0,
                  "state": "pending",
                  "speed": null,
                  "pass": false,
                  "fail": false,
                  "pending": true,
                  "context": null,
                  "code": "",
                  "err": {},
                  "uuid": "06aa832f-9544-4dca-8651-1102f8857e41",
                  "parentUUID": "aa0edbc5-7b63-4fca-adc1-81013372af20",
                  "isHook": false,
                  "skipped": false
                }
              ],
              "suites": [],
              "passes": [],
              "failures": [],
              "pending": [
                "62a311cb-375e-4608-95b6-0ca0172f36b6",
                "34aaa47a-ebc1-497b-a4b6-2a26ab571ef0",
                "2f4f5ffc-79d4-4522-98ef-33b0549129ba",
                "0e6c9214-4e1e-4eb9-bece-8e389fbb5744",
                "06aa832f-9544-4dca-8651-1102f8857e41"
              ],
              "skipped": [],
              "duration": 0,
              "root": false,
              "rootEmpty": false,
              "_timeout": 2000
            },
            {
              "uuid": "ce368bf8-8fa1-4655-b3cc-6fe7250126e3",
              "title": "listItemChildren",
              "fullFile": "/Users/christ/aitmed-noodl-web/packages/noodl-ui/src/resolvers/__tests__/getChildren.test.ts",
              "file": "/packages/noodl-ui/src/resolvers/__tests__/getChildren.test.ts",
              "beforeHooks": [],
              "afterHooks": [],
              "tests": [
                {
                  "title": "should have an itemObject",
                  "fullTitle": "[deprecated] getChildren listItemChildren should have an itemObject",
                  "timedOut": false,
                  "duration": 0,
                  "state": "pending",
                  "speed": null,
                  "pass": false,
                  "fail": false,
                  "pending": true,
                  "context": null,
                  "code": "",
                  "err": {},
                  "uuid": "bfa6e6ca-3c6f-4c26-b632-c55e4d280887",
                  "parentUUID": "ce368bf8-8fa1-4655-b3cc-6fe7250126e3",
                  "isHook": false,
                  "skipped": false
                },
                {
                  "title": "should have a listId",
                  "fullTitle": "[deprecated] getChildren listItemChildren should have a listId",
                  "timedOut": false,
                  "duration": 0,
                  "state": "pending",
                  "speed": null,
                  "pass": false,
                  "fail": false,
                  "pending": true,
                  "context": null,
                  "code": "",
                  "err": {},
                  "uuid": "09c04e7d-cc9b-40b2-a56f-87ac3267512a",
                  "parentUUID": "ce368bf8-8fa1-4655-b3cc-6fe7250126e3",
                  "isHook": false,
                  "skipped": false
                },
                {
                  "title": "should have a listItemIndex",
                  "fullTitle": "[deprecated] getChildren listItemChildren should have a listItemIndex",
                  "timedOut": false,
                  "duration": 0,
                  "state": "pending",
                  "speed": null,
                  "pass": false,
                  "fail": false,
                  "pending": true,
                  "context": null,
                  "code": "",
                  "err": {},
                  "uuid": "32d82c77-0afa-42e8-9ef6-8812c5ed9a22",
                  "parentUUID": "ce368bf8-8fa1-4655-b3cc-6fe7250126e3",
                  "isHook": false,
                  "skipped": false
                },
                {
                  "title": "should have an iteratorVar",
                  "fullTitle": "[deprecated] getChildren listItemChildren should have an iteratorVar",
                  "timedOut": false,
                  "duration": 0,
                  "state": "pending",
                  "speed": null,
                  "pass": false,
                  "fail": false,
                  "pending": true,
                  "context": null,
                  "code": "",
                  "err": {},
                  "uuid": "ecc0f242-16fd-4a61-aff7-b338c9b3aa2b",
                  "parentUUID": "ce368bf8-8fa1-4655-b3cc-6fe7250126e3",
                  "isHook": false,
                  "skipped": false
                }
              ],
              "suites": [],
              "passes": [],
              "failures": [],
              "pending": [
                "bfa6e6ca-3c6f-4c26-b632-c55e4d280887",
                "09c04e7d-cc9b-40b2-a56f-87ac3267512a",
                "32d82c77-0afa-42e8-9ef6-8812c5ed9a22",
                "ecc0f242-16fd-4a61-aff7-b338c9b3aa2b"
              ],
              "skipped": [],
              "duration": 0,
              "root": false,
              "rootEmpty": false,
              "_timeout": 2000
            },
            {
              "uuid": "fa78bd59-e63c-49b0-8808-db7e1ec6b54f",
              "title": "listItemItemObjectConsumer",
              "fullFile": "/Users/christ/aitmed-noodl-web/packages/noodl-ui/src/resolvers/__tests__/getChildren.test.ts",
              "file": "/packages/noodl-ui/src/resolvers/__tests__/getChildren.test.ts",
              "beforeHooks": [],
              "afterHooks": [],
              "tests": [
                {
                  "title": "should receive the the data value if dataKey points directly to the list item object mapped by iteratorVar",
                  "fullTitle": "[deprecated] getChildren listItemItemObjectConsumer should receive the the data value if dataKey points directly to the list item object mapped by iteratorVar",
                  "timedOut": false,
                  "duration": 0,
                  "state": "pending",
                  "speed": null,
                  "pass": false,
                  "fail": false,
                  "pending": true,
                  "context": null,
                  "code": "",
                  "err": {},
                  "uuid": "a6d3ec2c-b0c9-4ce9-8a57-ae0c4fe34d48",
                  "parentUUID": "fa78bd59-e63c-49b0-8808-db7e1ec6b54f",
                  "isHook": false,
                  "skipped": false
                }
              ],
              "suites": [],
              "passes": [],
              "failures": [],
              "pending": [
                "a6d3ec2c-b0c9-4ce9-8a57-ae0c4fe34d48"
              ],
              "skipped": [],
              "duration": 0,
              "root": false,
              "rootEmpty": false,
              "_timeout": 2000
            }
          ],
          "passes": [],
          "failures": [],
          "pending": [],
          "skipped": [],
          "duration": 0,
          "root": false,
          "rootEmpty": false,
          "_timeout": 2000
        }
      ],
      "passes": [],
      "failures": [],
      "pending": [],
      "skipped": [],
      "duration": 0,
      "root": true,
      "rootEmpty": true,
      "_timeout": 2000
    }
  ],
  "meta": {
    "mocha": {
      "version": "8.2.0"
    },
    "mochawesome": {
      "options": {
        "quiet": false,
        "reportFilename": "mochawesome",
        "saveHtml": true,
        "saveJson": true,
        "consoleReporter": "spec",
        "useInlineDiffs": false,
        "code": true
      },
      "version": "6.1.1"
    },
    "marge": {
      "options": null,
      "version": "5.1.0"
    }
  }
}